<?xml version="1.0" encoding="UTF-8"?>
<!-- Generated by org.testng.reporters.JUnitReportReporter -->
<testsuite skipped="1" hostname="HP-PC" name="ApiProject.DATA.ScreenShot" tests="2" failures="0" timestamp="28 Sep 2023 19:34:47 GMT" time="1.175" errors="0">
  <testcase name="countItemDropdown" time="1.175" classname="ApiProject.DATA.ScreenShot"/>
  <testcase name="captureScreen" classname="ApiProject.DATA.ScreenShot">
    <skipped/>
  </testcase> <!-- captureScreen -->
</testsuite> <!-- ApiProject.DATA.ScreenShot -->
